<?xml version="1.0" encoding="UTF-8"?>
<!-- Generated by org.testng.reporters.JUnitXMLReporter -->
<testsuite ignored="2" hostname="Deeps" failures="0" tests="1" name="Default test" time="84.962" errors="0" timestamp="2026-04-17T14:59:58 IST">
  <testcase classname="com.srm.curahealth.tests.AuthenticationTests" name="verifyProtectedPagesRedirectToLoginWhenUserIsUnauthenticated" time="12.929"/>
  <testcase classname="com.srm.curahealth.tests.AuthenticationTests" name="verifyLoginWithDataProvider" time="0.0">
    <ignored/>
  </testcase> <!-- verifyLoginWithDataProvider -->
  <testcase classname="com.srm.curahealth.tests.AuthenticationTests" name="verifyLogoutNavigatesBackToHomepage" time="0.0">
    <ignored/>
  </testcase> <!-- verifyLogoutNavigatesBackToHomepage -->
</testsuite> <!-- Default test -->
