<?xml version="1.0" encoding="UTF-8"?>
<!-- Generated by org.testng.reporters.JUnitReportReporter -->
<testsuite hostname="Chinnu" failures="0" tests="4" name="com.srm.curahealth.tests.AuthenticationTests" time="51.203" errors="0" timestamp="2026-04-27T15:03:21 IST" skipped="0">
  <testcase classname="com.srm.curahealth.tests.AuthenticationTests" name="verifyLoginWithDataProvider" time="7.234"/>
  <testcase classname="com.srm.curahealth.tests.AuthenticationTests" name="verifyLoginWithDataProvider" time="5.278"/>
  <testcase classname="com.srm.curahealth.tests.AuthenticationTests" name="verifyLogoutNavigatesBackToHomepage" time="16.749"/>
  <testcase classname="com.srm.curahealth.tests.AuthenticationTests" name="verifyProtectedPagesRedirectToLoginWhenUserIsUnauthenticated" time="21.942"/>
</testsuite> <!-- com.srm.curahealth.tests.AuthenticationTests -->
