<?xml version="1.0" encoding="UTF-8"?>
<!-- Generated by org.testng.reporters.JUnitReportReporter -->
<testsuite hostname="Chinnu" failures="0" tests="1" name="com.srm.curahealth.tests.MultipleAppointmentsTests" time="34.121" errors="0" timestamp="2026-04-27T15:03:21 IST" skipped="0">
  <testcase classname="com.srm.curahealth.tests.MultipleAppointmentsTests" name="verifyTwoAppointmentsAppearInHistoryAndAreSortedByDate" time="34.121"/>
</testsuite> <!-- com.srm.curahealth.tests.MultipleAppointmentsTests -->
