<?xml version="1.0" encoding="UTF-8"?>
<!-- Generated by org.testng.reporters.JUnitReportReporter -->
<testsuite hostname="Chinnu" failures="0" tests="3" name="com.srm.curahealth.tests.AppointmentBookingTests" time="29.012" errors="0" timestamp="2026-04-27T15:03:21 IST" skipped="0">
  <testcase classname="com.srm.curahealth.tests.AppointmentBookingTests" name="verifyAppointmentDateFieldRejectsPastDates" time="6.320"/>
  <testcase classname="com.srm.curahealth.tests.AppointmentBookingTests" name="verifyAppointmentBookingWithFacilityDateAndComment" time="8.321"/>
  <testcase classname="com.srm.curahealth.tests.AppointmentBookingTests" name="verifyAppointmentBookingWithReadmissionChecked" time="14.371"/>
</testsuite> <!-- com.srm.curahealth.tests.AppointmentBookingTests -->
