<?xml version="1.0" encoding="UTF-8"?>
<!-- Generated by org.testng.reporters.JUnitReportReporter -->
<testsuite hostname="Chinnu" failures="0" tests="3" name="com.srm.curahealth.tests.AppointmentHistoryTests" time="50.488" errors="0" timestamp="2026-04-27T15:03:21 IST" skipped="0">
  <testcase classname="com.srm.curahealth.tests.AppointmentHistoryTests" name="verifyHistorySectionShowsExpectedHeaders" time="8.278"/>
  <testcase classname="com.srm.curahealth.tests.AppointmentHistoryTests" name="verifyAppointmentHistoryPageLoadsAfterLogin" time="28.405"/>
  <testcase classname="com.srm.curahealth.tests.AppointmentHistoryTests" name="verifyMostRecentBookedAppointmentAppearsInHistory" time="13.805"/>
</testsuite> <!-- com.srm.curahealth.tests.AppointmentHistoryTests -->
