<?xml version="1.0" encoding="UTF-8"?>
<!-- Generated by org.testng.reporters.JUnitReportReporter -->
<testsuite hostname="Chinnu" failures="0" tests="4" name="com.srm.curahealth.tests.FormValidationTests" time="28.399" errors="0" timestamp="2026-04-27T15:03:21 IST" skipped="0">
  <testcase classname="com.srm.curahealth.tests.FormValidationTests" name="verifyAppointmentFormWithEmptyDateShowsValidationBehavior" time="6.905"/>
  <testcase classname="com.srm.curahealth.tests.FormValidationTests" name="verifyProfilePageLoadsAfterLogin" time="8.902"/>
  <testcase classname="com.srm.curahealth.tests.FormValidationTests" name="verifyLoginFormWithEmptyUsernameAndPasswordShowsValidationMessage" time="5.583"/>
  <testcase classname="com.srm.curahealth.tests.FormValidationTests" name="verifyCommentFieldAcceptsLongTextWithoutTruncation" time="7.009"/>
</testsuite> <!-- com.srm.curahealth.tests.FormValidationTests -->
