<?xml version="1.0" encoding="UTF-8"?>
<!-- Generated by org.testng.reporters.JUnitXMLReporter -->
<testsuite ignored="0" hostname="Chinnu" failures="0" tests="3" name="Appointment Booking Tests" time="29.023" errors="0" timestamp="2026-04-27T15:01:28 IST">
  <testcase classname="com.srm.curahealth.tests.AppointmentBookingTests" name="verifyAppointmentBookingWithFacilityDateAndComment" time="4.423"/>
  <testcase classname="com.srm.curahealth.tests.AppointmentBookingTests" name="verifyAppointmentBookingWithReadmissionChecked" time="3.897"/>
  <testcase classname="com.srm.curahealth.tests.AppointmentBookingTests" name="verifyAppointmentDateFieldRejectsPastDates" time="2.805"/>
</testsuite> <!-- Appointment Booking Tests -->
