<?xml version="1.0" encoding="UTF-8"?>
<!-- Generated by org.testng.reporters.JUnitXMLReporter -->
<testsuite ignored="0" hostname="Chinnu" failures="0" tests="3" name="Appointment History Tests" time="50.507" errors="0" timestamp="2026-04-27T15:02:18 IST">
  <testcase classname="com.srm.curahealth.tests.AppointmentHistoryTests" name="verifyAppointmentHistoryPageLoadsAfterLogin" time="3.093"/>
  <testcase classname="com.srm.curahealth.tests.AppointmentHistoryTests" name="verifyHistorySectionShowsExpectedHeaders" time="4.431"/>
  <testcase classname="com.srm.curahealth.tests.AppointmentHistoryTests" name="verifyMostRecentBookedAppointmentAppearsInHistory" time="9.203"/>
</testsuite> <!-- Appointment History Tests -->
