<?xml version="1.0" encoding="UTF-8"?>
<!-- Generated by org.testng.reporters.JUnitXMLReporter -->
<testsuite ignored="0" hostname="Chinnu" failures="0" tests="4" name="Authentication Tests" time="51.613" errors="0" timestamp="2026-04-27T15:00:59 IST">
  <testcase classname="com.srm.curahealth.tests.AuthenticationTests" name="verifyLoginWithDataProvider" time="2.657"/>
  <testcase classname="com.srm.curahealth.tests.AuthenticationTests" name="verifyLoginWithDataProvider" time="1.928"/>
  <testcase classname="com.srm.curahealth.tests.AuthenticationTests" name="verifyLogoutNavigatesBackToHomepage" time="5.955"/>
  <testcase classname="com.srm.curahealth.tests.AuthenticationTests" name="verifyProtectedPagesRedirectToLoginWhenUserIsUnauthenticated" time="10.786"/>
</testsuite> <!-- Authentication Tests -->
