<?xml version="1.0" encoding="UTF-8"?>
<!-- Generated by org.testng.reporters.JUnitXMLReporter -->
<testsuite ignored="0" hostname="Chinnu" failures="0" tests="4" name="Form Validation Tests" time="28.408" errors="0" timestamp="2026-04-27T15:03:21 IST">
  <testcase classname="com.srm.curahealth.tests.FormValidationTests" name="verifyAppointmentFormWithEmptyDateShowsValidationBehavior" time="3.161"/>
  <testcase classname="com.srm.curahealth.tests.FormValidationTests" name="verifyCommentFieldAcceptsLongTextWithoutTruncation" time="3.103"/>
  <testcase classname="com.srm.curahealth.tests.FormValidationTests" name="verifyLoginFormWithEmptyUsernameAndPasswordShowsValidationMessage" time="1.932"/>
  <testcase classname="com.srm.curahealth.tests.FormValidationTests" name="verifyProfilePageLoadsAfterLogin" time="4.291"/>
</testsuite> <!-- Form Validation Tests -->
